********************************************************************************
DUPLICATOR-LITE PACKAGE-LOG: 2017-03-24 11:55:06
NOTICE: Do NOT post to public sites or forums 
********************************************************************************
VERSION:	1.1.34
WORDPRESS:	4.7.3
PHP INFO:	5.6.30 | SAPI: apache2handler
SERVER:		Apache/2.4.25 (Win32) OpenSSL/1.0.2j PHP/5.6.30 
PHP TIME LIMIT: (0) no time limit imposed 
PHP MAX MEMORY: 2048M (128M default) 
MEMORY STACK: 22.75MB 

********************************************************************************
DATABASE:
********************************************************************************
BUILD MODE:   PHP(query limit - 100)
MYSQLTIMEOUT: 5000
MYSQLDUMP:    Is Supported 
TABLES: total:16 | filtered:0 | create:16 
FILTERED: [] 
SQL CREATED: bitcon_copy_58d508da92fc82595170324115402_database.sql 
SQL FILE SIZE: 233.08KB (238679) 
SQL FILE TIME: 2017-03-24 11:55:06 
SQL RUNTIME: 0.49 sec. 

******************************************************************************** 
ARCHIVE (ZIP): 
******************************************************************************** 
ARCHIVE DIR:  C:/xampp/htdocs/bitcon 
ARCHIVE FILE: bitcon_copy_58d508da92fc82595170324115402_archive.zip 
FILTERS: *ON* 
DIRS: C:/xampp/htdocs/bitcon/temporary
      C:/xampp/htdocs/bitcon/.git 
EXTS:  not set 
---------------------------------------- 
COMPRESSING 
SIZE:	37.46MB 
STATS:	Dirs 403 | Files 3,035 
SQL ADDED: bitcon_copy_58d508da92fc82595170324115402_database.sql 
ZipArchive Object
(
    [status] => 0
    [statusSys] => 0
    [numFiles] => 3438
    [filename] => C:\xampp\htdocs\bitcon\wp-snapshots\tmp\bitcon_copy_58d508da92fc82595170324115402_archive.zip
    [comment] => 
)
 
COMPRESSION RESULT: '1' 
COMPRESSED SIZE: 12.56MB 
ARCHIVE RUNTIME: 26.45 sec. 
MEMORY STACK: 24MB 

******************************************************************************** 
MAKE INSTALLER: 
******************************************************************************** 
Build Start 
Build Finished 
Preping for use 
Template parsed with new data 
Complete [C:/xampp/htdocs/bitcon/wp-snapshots/tmp/bitcon_copy_58d508da92fc82595170324115402_installer.php] 
Added to archive 

******************************************************************************** 
INTEGRITY CHECKS: 
******************************************************************************** 
SQL File: 233.08KB 
Installer File: 394.71KB 
Archive File: 12.56MB  

********************************************************************************
RECORD ID:[2]
TOTAL PROCESS RUNTIME: 27.91 sec.
PEAK PHP MEMORY USED: 26.5MB
DONE PROCESSING => bitcon_copy 2017-03-24 11:55:34
 
